1209 if you want to	
153 not be able to	
155 is to use the	
1561 to be able to	
161 the same as the	
163 need to do is	
164 that i need to	
168 a bit of a	
168 a good way to	
168 an easy way to	
168 the only way to	
169 to do something like	
170 need to use the	
172 to create a new	
173 to see if the	
175 you can use a	
175 you want to be	
176 i need to do	
176 best way to do	
177 at the same time	
178 that you have to	
178 is no way to	
178 you would need to	
179 be able to get	
180 want to create a	
183 have a lot of	
183 to do this is	
184 the top of the	
184 when it comes to	
184 there is no way	
184 as part of the	
185 want to do is	
188 you would have to	
189 but i want to	
189 text text text text	
190 want to look at	
191 a good idea to	
192 i want to use	
193 that i want to	
195 so that you can	
196 would be to use	
196 as long as you	
197 i want to be	
198 i know how to	
198 will allow you to	
199 want to use the	
200 you have to do	
202 to do this in	
203 way to do it	
206 you are looking for	
207 you can use to	
207 so that i can	
212 i am not sure	
216 can be used to	
216 i can think of	
217 you really want to	
217 what is the best	
218 like to be able	
219 a better way to	
220 i want to do	
222 need to be able	
222 the contents of the	
224 as as as as	
225 might be able to	
226 is there any way	
226 will be able to	
229 that you need to	
231 to do with the	
232 if you are using	
232 when i try to	
235 a way to do	
236 you are going to	
237 do i need to	
240 what you want to	
242 it is possible to	
254 you need to use	
261 is it possible to	
268 the value of the	
270 to make sure that	
272 that you want to	
273 figure out how to	
275 be able to use	
275 as far as i	
283 be able to do	
285 a reference to the	
287 new new new new	
292 you will have to	
294 40 40 40 40	
298 is going to be	
301 the problem is that	
303 have a look at	
314 objects from shared objects	
314 from shared objects from	
314 shared objects from shared	
331 if there is a	
333 if you need to	
344 and i want to	
350 the size of the	
353 you need to do	
357 there any way to	
358 you will need to	
362 the rest of the	
380 you want to do	
383 want to be able	
391 i am trying to	
396 the name of the	
404 at the end of	
406 you should be able	
407 you may want to	
411 you want to use	
417 you are trying to	
421 if you have a	
428 way to do this	
431 a look at the	
469 is the best way	
486 the end of the	
497 you might want to	
498 is there a way	
502 you can use the	
572 take a look at	
655 at at at at	
721 should be able to	
889 there a way to	
911 i would like to	
961 the best way to	
