socks forwarding and use enables pretty much any application to use a socks is free in and reliable allows proxy	
a 2 step a batch file to kick in the batch file on network path which can from the machine would launch the i would suggest the psexec solution by but you can try out this as well	
had this problem in official example application was registering template but when it tried to get an id it sprintf template are out of the 32bit range so it was returning wrong it be the	
guessing that increasing the memory fix the what is that monitorfilter eating up all that best bet is to figure that if this is a web see if you can turn off that filter and run without if you have you know that the monitorfilter is causing your to	
using a web server control instead of an see any strange caching going on but there is compilation going a page is only compiled once when it is first accessed and the resulting assembly is stored in temporary subsquent requests for the same page are simply passed to the httphandler in the you modify the page then detects that the existing assembly no longer matches and i strongly suspect the are not taken into account in this would be better off with one usercontrol file with then if the include represents a set of html a master page if the include is for common navigation markup for use by many source code file or in the if you want to include some common separate library project that builds a dll for the bin	
can use the at to schedule tasks on a remote	
would you convert an image data to an int would you write an int array to an image to be done in not i know which database type will be i am using a blob field to store a one dimensional array of instrument a u a u how to convert image field to	
chance of converting the remote applets into windows they can be configured to start when the system to retry if they and to notify someone if there are quite trivial to create with visual	
bookmarked user input in loop without earlier this month when i thought i might need console but i so vouch for whether it works or for my i care that it get input until the user hit so just used to read	
you mean a sql server typically get this as a byte array or possibly as a can wrap a byte array in a could either use around a stream or with a byte array to convert an integer at a or use to copy the data from a into an	
is your best friend in this product	
am using the zend framework to get info from the audioscrobbler the response format is like are doing it for jun am accessing elements as can i get the nowplaying can i get the currently playing song from the audioscrobbler	
did some more there is a group at eth zurich who built a evaluation which might be able to get information about the size at least maybe also of l1 and l2 the program works by trying different read patterns experimentally and measuring the resulting a simplified version was used for the textbook by bryant and	
is your see the following article which covers starting processes locally and remotely using everything in wmi via part processes	
order to receive datagrams through an udp connection i have created an object of type receivednotificationsock new once done and on using the receive am getting an exception saying that i must call the bind there is no bind method in the udpclient you guys please provide me with the code if possible as to what should be done to overcome this datagrams using udp	
not but the party model sounds like a particular case of the a search on specialization relational finds some interesting	
you want to extract your take a look at email	
i understand the problem statement i think this is similar to what you class face extends image class screen extends image class pictureframe private image picture public public class picturefactory private static image defaultpicture public static void public static image return public static pictureframe return new class pictureframemanager private static picturemanager instance new private frames new public static pictureframemanager return private private void private void image defaultpicture iframes use it face new something to load the face object frame manager screen new something to load the screen object if you want to extend image or you want to have multiple you could create a decorator object to wrap the image in and say what mode it	
trying to come up with a setup where i can generate a visual studio solution that references files and folders of the folder where the and are catch i need new files that get created with you rightclick a folder and say code to be generated in the folder that was which lives outside of the it really not be the reason for wanting to do this is that the files are actually used by a different together with a lot of other and i want the etc files to clutter my visualstudio have outside of the project	
working on a project for school where i need to pass a few parameters by reference through multiple i understand how i can pass by reference from where the variables are declared to another like int x int y int z return how would i pass and z from foo function to another something like this gives me all kinds of compiler return by reference through multiple	
