3 --> (54, DISS) (97, TTS) (53, RTN) (98, ES) (75, AV)	
8 --> (60, ADS) (86, CCN) (57, INF2D) (99, TDD)	
14 --> (52, HCI) (45, ABS) (58, TDD) (82, AR) (92, BIO2) (72, RTN)	
19 --> (54, INF2D) (80, ADS) (89, IAML) (63, BIO2) (87, ES) (99, PPLS)	
23 --> (87, COPT) (42, HCI) (86, BIO1) (73, ASR) (40, PM) (61, AR)	
28 --> (66, IRP)	
32 --> (96, INF2D) (85, DMR) (76, INF1-CG) (81, COC)	
37 --> (68, PPLS) (48, DISS) (98, RTN)	
41 --> (72, ES) (83, ASR)	
46 --> (98, TTS) (42, TDD)	
50 --> (68, EXC) (92, TDD) (66, AGTA)	
55 --> (64, PM) (67, ABS) (44, DISS) (74, COPT)	
64 --> (96, RTN) (89, BIO1) (59, ABS) (87, INF1-CG)	
69 --> (64, SLIP)	
73 --> (92, ADS) (63, TTS) (70, INF2D)	
78 -->	
82 --> (44, CT) (65, COC) (69, NIP) (92, CCN) (78, TTS)	
87 --> (42, ABS) (68, ANLP) (58, TTS)	
91 -->	
96 --> (65, NIP)	
101 --> (71, COPT)	
106 --> (87, DMR) (50, INF2D) (80, DAPA) (98, ANLP)	
110 --> (69, TDD) (75, IRP) (74, EXC) (40, BIO1) (71, IRR)	
115 --> (46, AR)	
124 --> (97, AV) (80, INF1-CG) (68, ANLP)	
129 --> (45, ES)	
133 -->	
138 --> (48, RTN) (46, COPT) (63, INF1-CG) (82, EXC)	
142 --> (47, IRP) (58, ABS)	
147 --> (85, DAPA) (55, PM) (56, TDD)	
151 --> (87, BIO2) (64, TTS) (73, ADBS) (63, COPT)	
156 --> (74, AV)	
160 --> (75, INF2D) (91, COC)	
165 --> (98, ASR) (92, AV)	
174 -->	
179 --> (50, IJP) (75, PPLS)	
183 --> (44, AV) (58, AGTA)	
188 --> (87, IRP) (59, AV) (50, INF2D)	
192 --> (72, PM)	
197 --> (57, ADBS) (57, NIP) (83, COC)	
200 --> (100, TTS) (99, IJP) (55, IRR) (68, ASR) (92, IAML)	
205 --> (55, IAML) (96, HCI)	
214 --> (81, BIO2)	
219 -->	
223 --> (99, COC)	
228 -->	
232 --> (55, IJP) (100, RTN) (54, DISS) (57, DMR) (44, AR)	
237 -->	
241 --> (51, INF2D) (61, ADS)	
246 --> (66, ABS)	
250 --> (40, COC) (87, DMR)	
255 --> (74, ASR) (85, PPLS)	
264 -->	
269 -->	
273 --> (90, AV) (78, AGTA) (99, AR)	
278 --> (97, INF1-CG) (73, HCI) (51, INF2D)	
282 --> (71, HCI) (45, COPT)	
287 -->	
291 --> (57, COPT) (52, TTS)	
296 --> (87, INF2D) (65, INF1-CG)	
304 --> (88, IJP)	
309 --> (96, DISS)	
313 --> (79, IRP)	
318 --> (41, RTN) (66, IRP)	
322 --> (49, ADS)	
327 --> (70, IRP) (85, DMR)	
331 --> (65, ES)	
336 --> (47, IJP)	
340 -->	
345 -->	
354 --> (75, DAPA) (56, BIO2)	
359 --> (44, ABS)	
363 --> (86, AGTA) (69, INF1-CG)	
368 --> (45, IRR) (87, INF1-CG)	
372 --> (59, AR) (56, TTS)	
377 -->	
381 -->	
386 --> (59, PPLS)	
390 -->	
395 --> (73, IRR) (89, SLIP)	
403 -->	
408 --> (43, COC)	
412 -->	
417 -->	
421 -->	
426 --> (61, IRR) (66, TTS) (49, AGTA) (93, ES)	
430 -->	
435 --> (65, ABS) (88, AGTA)	
444 --> (60, ANLP)	
449 --> (98, NIP)	
453 -->	
458 -->	
462 -->	
467 --> (81, IAML) (74, ADBS)	
471 --> (53, ASR)	
476 -->	
480 -->	
485 --> (74, SLIP) (59, EXC) (48, BIO2)	
494 --> (43, AR) (41, CT)	
499 -->	
502 -->	
507 --> (40, DAPA) (57, DISS)	
511 -->	
516 --> (95, CCN)	
520 --> (60, INF2D)	
525 --> (67, AV) (97, BIO1)	
534 -->	
539 --> (50, COC)	
543 --> (89, SLIP)	
548 --> (75, HCI)	
552 -->	
557 -->	
561 --> (50, PPLS)	
566 -->	
570 -->	
575 -->	
584 --> (46, DMR)	
589 -->	
593 -->	
598 --> (80, PM)	
601 --> (87, AGTA)	
606 --> (75, HCI)	
610 -->	
615 -->	
624 -->	
629 -->	
633 -->	
638 -->	
642 --> (41, EXC)	
647 -->	
651 -->	
656 --> (82, TTS)	
660 -->	
665 --> (75, IRP)	
674 -->	
679 -->	
683 -->	
688 -->	
692 --> (55, TTS)	
697 -->	
700 -->	
705 -->	
714 --> (83, INF2D)	
719 --> (80, ES)	
723 --> (46, ANLP)	
728 -->	
732 --> (50, ADS)	
737 -->	
741 -->	
746 -->	
750 --> (41, DAPA)	
755 -->	
764 -->	
769 --> (88, CT)	
773 -->	
778 -->	
782 -->	
787 -->	
791 --> (75, IRP)	
796 --> (55, PM) (65, IAML)	
804 -->	
809 -->	
813 -->	
818 -->	
822 -->	
827 -->	
831 -->	
836 -->	
840 -->	
845 -->	
854 -->	
859 -->	
863 -->	
868 -->	
872 --> (93, DAPA) (91, NIP)	
877 -->	
881 -->	
886 -->	
890 -->	
895 -->	
903 -->	
908 -->	
912 -->	
917 -->	
921 -->	
926 -->	
930 --> (97, INF1-CG)	
935 -->	
944 -->	
949 -->	
953 -->	
958 -->	
962 -->	
967 -->	
971 -->	
976 -->	
980 -->	
985 -->	
994 -->	
999 -->	
